<?xml version="1.0" encoding="UTF-8" standalone="no"?>
<testsuite errors="0" failures="0" name="io.cucumber.core.plugin.JUnitFormatter" skipped="0" tests="1" time="0.349">
    <testcase classname="DVD store accepts new dvds" name="Add dvd to dvd store" time="0.033">
        <system-out><![CDATA[Given the following new DVDs................................................passed
And the expected outputs....................................................passed
When the new DVDs are added to the store....................................passed
Then the get dvd list request should return the expected outputs............passed
]]></system-out>
    </testcase>
</testsuite>
